Step: build-step-credential-initializer:

{"level":"warn","ts":1551694981.5001557,"logger":"fallback-logger","caller":"logging/config.go:65","msg":"Fetch GitHub commit ID from kodata failed: \"ref: refs/heads/test\" is not a valid GitHub commit ID"}
{"level":"info","ts":1551694981.5004385,"logger":"fallback-logger","caller":"creds-init/main.go:40","msg":"Credentials initialized."}
Step: build-step-git-source-0:

{"level":"warn","ts":1551694987.423878,"logger":"fallback-logger","caller":"logging/config.go:65","msg":"Fetch GitHub commit ID from kodata failed: \"ref: refs/heads/test\" is not a valid GitHub commit ID"}
{"level":"info","ts":1551694988.736212,"logger":"fallback-logger","caller":"git-init/main.go:92","msg":"Successfully cloned \"https://github.com/jegan-m/eks-node-app.git\" @ \"master\" in path \"/workspace\""}
Step: build-step-jenkins:

Picked up _JAVA_OPTIONS: -Xmx400m
Started
Running in Durability level: PERFORMANCE_OPTIMIZED
  13.381 [id=19]	WARNING	i.f.k.c.i.VersionUsageUtils#alert: The client is using resource type 'customresourcedefinitions' with unstable version 'v1beta1'
[Pipeline] node
Running on Jenkins in /tmp/jenkinsTests.tmp/jenkins28621738762926578test/workspace/job
[Pipeline] {
[Pipeline] stage
[Pipeline] { (Declarative: Checkout SCM)
[Pipeline] checkout
[Pipeline] }
[Pipeline] // stage
[Pipeline] withCredentials
[Pipeline] {
[Pipeline] withEnv
[Pipeline] {
[Pipeline] stage
[Pipeline] { (CI Build and push snapshot)
Stage "CI Build and push snapshot" skipped due to when conditional
[Pipeline] }
[Pipeline] // stage
[Pipeline] stage
[Pipeline] { (Build Release)
[Pipeline] git
 > git rev-parse --is-inside-work-tree # timeout=10
Fetching changes from the remote Git repository
 > git config remote.origin.url https://github.com/jegan-m/eks-node-app.git # timeout=10
Fetching upstream changes from https://github.com/jegan-m/eks-node-app.git
 > git --version # timeout=10
 > git fetch --tags --progress https://github.com/jegan-m/eks-node-app.git +refs/heads/*:refs/remotes/origin/*
 > git rev-parse refs/remotes/origin/master^{commit} # timeout=10
 > git rev-parse refs/remotes/origin/origin/master^{commit} # timeout=10
Checking out Revision 378d849fbd19ee5b2829d81e6b54713a8f206349 (refs/remotes/origin/master)
 > git config core.sparsecheckout # timeout=10
 > git checkout -f 378d849fbd19ee5b2829d81e6b54713a8f206349
 > git branch -a -v --no-abbrev # timeout=10
 > git branch -D master # timeout=10
 > git checkout -b master 378d849fbd19ee5b2829d81e6b54713a8f206349
Commit message: "Draft create"
First time build. Skipping changelog.
[Pipeline] sh
+ jx-release-version
+ echo 0.0.1
[Pipeline] sh
+ cat VERSION
+ jx step tag --version 0.0.1
Tag v0.0.1 created and pushed to remote origin
[Pipeline] sh
+ npm install
npm notice created a lockfile as package-lock.json. You should commit this file.
npm WARN REPLACE_ME@1.0.0 No repository field.
npm WARN REPLACE_ME@1.0.0 No license field.

up to date in 0.047s
[Pipeline] sh
+ CI=true DISPLAY=:99 npm test

> REPLACE_ME@1.0.0 test /tmp/jenkinsTests.tmp/jenkins28621738762926578test/workspace/job
> echo "no test specified" && exit 0

no test specified
[Pipeline] sh
+ cat VERSION
+ export VERSION=0.0.1
+ skaffold build -f skaffold.yaml
time="2019-03-04T10:25:25Z" level=warning msg="config version (skaffold/v1beta2) out of date: upgrading to latest (skaffold/v1beta3)"
Starting build...
Building [changeme]...
time="2019-03-04T10:25:26Z" level=warning msg="Error processing base image (node:9-slim) for ONBUILD triggers: getting remote config: getting image: Get https://auth.docker.io/token?scope=repository%3Alibrary%2Fnode%3Apull&service=registry.docker.io: exit status 1. Dependencies may be incomplete."
Sending build context to Docker daemon  107.5kB
Step 1/6 : FROM node:9-slim
9-slim: Pulling from library/node
5bba3ecb4cd6: Pulling fs layer
196b8e3c919d: Pulling fs layer
7d083412657b: Pulling fs layer
a88538b9cd05: Pulling fs layer
e01bd28a434b: Pulling fs layer
a88538b9cd05: Waiting
e01bd28a434b: Waiting
7d083412657b: Verifying Checksum
7d083412657b: Download complete
196b8e3c919d: Download complete
5bba3ecb4cd6: Download complete
e01bd28a434b: Verifying Checksum
e01bd28a434b: Download complete
5bba3ecb4cd6: Pull complete
196b8e3c919d: Pull complete
7d083412657b: Pull complete
a88538b9cd05: Verifying Checksum
a88538b9cd05: Download complete
a88538b9cd05: Pull complete
e01bd28a434b: Pull complete
Digest: sha256:288b29c1925d65b2d7d8701f8ada201e7dcd066438c0fb4299c35dff129b893f
Status: Downloaded newer image for node:9-slim
 ---> e20bb4abe4ee
Step 2/6 : ENV PORT 8080
 ---> Running in a3d00f344b78
 ---> e1bd8445a043
Step 3/6 : EXPOSE 8080
 ---> Running in 7c75fe65b40f
 ---> bd707d9c553f
Step 4/6 : WORKDIR /usr/src/app
 ---> 9147577c1a65
Step 5/6 : COPY . .
 ---> 2dc9c836183a
Step 6/6 : CMD npm start
 ---> Running in eb1e4c03017e
 ---> e1b7d779462f
Successfully built e1b7d779462f
Successfully tagged ae1b7e5a36a842bbc3ae249f155de414:latest
The push refers to a repository [335153367672.dkr.ecr.ap-southeast-2.amazonaws.com/jegan-m/eks-node-app]
133d090f5bbf: Preparing
22730b305788: Preparing
e16c226cf2a8: Preparing
7fd597d009e4: Preparing
7c6ab5fb7059: Preparing
ed271eac23e9: Preparing
156ff16f37e4: Preparing
ed271eac23e9: Waiting
156ff16f37e4: Waiting
7c6ab5fb7059: Pushed
133d090f5bbf: Pushed
22730b305788: Pushed
e16c226cf2a8: Pushed
ed271eac23e9: Pushed
156ff16f37e4: Pushed
7fd597d009e4: Pushed
0.0.1: digest: sha256:a80c4c87cb6ac544c2fa7231bc7cbcd52fbaf757dff5a164ce4abf027c83fd04 size: 1786
Build complete in 25.685090112s
Starting test...
Test complete in 3.18µs
changeme -> 335153367672.dkr.ecr.ap-southeast-2.amazonaws.com/jegan-m/eks-node-app:0.0.1
There is a new version (0.24.0) of skaffold available. Download it at https://storage.googleapis.com/skaffold/releases/latest/skaffold-linux-amd64

[Pipeline] sh
+ cat VERSION
+ jx step post build --image 335153367672.dkr.ecr.ap-southeast-2.amazonaws.com/jegan-m/eks-node-app:0.0.1
[Pipeline] }
[Pipeline] // stage
[Pipeline] stage
[Pipeline] { (Promote to Environments)
[Pipeline] dir
Running in /tmp/jenkinsTests.tmp/jenkins28621738762926578test/workspace/job/charts/eks-node-app
[Pipeline] {
[Pipeline] sh
+ cat ../../VERSION
+ jx step changelog --batch-mode --version v0.0.1
Converted /tmp/jenkinsTests.tmp/jenkins28621738762926578test/workspace/job/charts/eks-node-app to an unshallow repository
Generating change log from git ref 378d849fbd19ee5b2829d81e6b54713a8f206349 => 9ae12ead0b7e1da7e7ed2d8dfe8179fa38c36dee
Failed to enrich commits with issues: User.jenkins.io "" is invalid: metadata.name: Required value: name or generateName is required
Failed to enrich commits with issues: User.jenkins.io "" is invalid: metadata.name: Required value: name or generateName is required
Finding issues in commit messages using git format
No release found for jegan-m/eks-node-app and tag v0.0.1 so creating a new release
Updated the release information at https://github.com/jegan-m/eks-node-app/releases/tag/v0.0.1
generated: /tmp/jenkinsTests.tmp/jenkins28621738762926578test/workspace/job/charts/eks-node-app/templates/release.yaml
Created Release eks-node-app-0-0-1 resource in namespace jx
Updating PipelineActivity jegan-m-eks-node-app-master-1 with version 0.0.1
Updated PipelineActivities jegan-m-eks-node-app-master-1 with release notes URL: https://github.com/jegan-m/eks-node-app/releases/tag/v0.0.1
[Pipeline] sh
+ jx step helm release
No $CHART_REPOSITORY defined so using the default value of: http://jenkins-x-chartmuseum:8080
Adding missing Helm repo: jenkins-x http://chartmuseum.jenkins-x.io
Successfully added Helm repository jenkins-x.
Adding missing Helm repo: releases http://jenkins-x-chartmuseum:8080
Successfully added Helm repository releases.
No $CHART_REPOSITORY defined so using the default value of: http://jenkins-x-chartmuseum:8080
Uploading chart file eks-node-app-0.0.1.tgz to http://jenkins-x-chartmuseum:8080/api/charts
Received 201 response: {"saved":true}
[Pipeline] sh
+ cat ../../VERSION
+ jx promote -b --all-auto --timeout 1h --version 0.0.1
prow based install so skip waiting for the merge of Pull Requests to go green as currently there is an issue with gettingstatuses from the PR, see https://github.com/jenkins-x/jx/issues/2410
Promoting app eks-node-app version 0.0.1 to namespace jx-staging
Created Pull Request: https://github.com/jegan-m/environment-cougarcopper-staging/pull/1

Failed to query the Pull Request last commit status for https://github.com/jegan-m/environment-cougarcopper-staging/pull/1 ref ecf18d361d3448079446c73a08f4b13c8239aed3 Could not find a status for repository jegan-m/environment-cougarcopper-staging with ref ecf18d361d3448079446c73a08f4b13c8239aed3
Failed to query the Pull Request last commit status for https://github.com/jegan-m/environment-cougarcopper-staging/pull/1 ref ecf18d361d3448079446c73a08f4b13c8239aed3 Could not find a status for repository jegan-m/environment-cougarcopper-staging with ref ecf18d361d3448079446c73a08f4b13c8239aed3
Pull Request https://github.com/jegan-m/environment-cougarcopper-staging/pull/1 is merged at sha c9a4c4393714ff5339b6eabc3a3dacfb218f17ad
Pull Request merged but we are not waiting for the update pipeline to complete!
Could not find the service URL in namespace jx-staging for names eks-node-app, jx-eks-node-app, jx-staging-eks-node-app
[Pipeline] }
[Pipeline] // dir
[Pipeline] }
[Pipeline] // stage
[Pipeline] }
[Pipeline] // withEnv
[Pipeline] }
[Pipeline] // withCredentials
[Pipeline] }
[Pipeline] // node
[Pipeline] End of Pipeline
Finished: SUCCESS
